<?xml version="1.0" encoding="UTF-8"?>
<!-- Generated by org.testng.reporters.JUnitReportReporter -->
<testsuite hostname="DESKTOP-02GK4BS" failures="0" tests="1" name="crossBrowser.LoginTC" time="4.919" errors="0" timestamp="2024-06-23T17:46:18 IST" skipped="0">
  <testcase classname="crossBrowser.LoginTC" name="logIn" time="4.919"/>
</testsuite> <!-- crossBrowser.LoginTC -->
