<?xml version="1.0" encoding="UTF-8"?>
<!-- Generated by org.testng.reporters.JUnitReportReporter -->
<testsuite hostname="DESKTOP-02GK4BS" failures="0" tests="3" name="projectTestCases.BrandTC" time="16.204" errors="0" timestamp="2024-06-24T12:35:03 IST" skipped="0">
  <testcase classname="projectTestCases.BrandTC" name="logIn" time="5.047"/>
  <testcase classname="projectTestCases.BrandTC" name="addBrands" time="8.551"/>
  <testcase classname="projectTestCases.BrandTC" name="SearchCategory" time="2.606"/>
</testsuite> <!-- projectTestCases.BrandTC -->
