<?xml version="1.0" encoding="UTF-8"?>
<!-- Generated by org.testng.reporters.JUnitReportReporter -->
<testsuite hostname="DESKTOP-02GK4BS" failures="0" tests="1" name="projectTestCases.LoginTC" time="4.402" errors="0" timestamp="2024-06-24T12:27:03 IST" skipped="0">
  <testcase classname="projectTestCases.LoginTC" name="logIn" time="4.402"/>
</testsuite> <!-- projectTestCases.LoginTC -->
