<?xml version="1.0" encoding="UTF-8"?>
<!-- Generated by org.testng.reporters.JUnitReportReporter -->
<testsuite hostname="DESKTOP-02GK4BS" failures="0" tests="4" name="projectTestCases.CategoryTC" time="25.322" errors="0" timestamp="2024-06-24T12:33:04 IST" skipped="0">
  <testcase classname="projectTestCases.CategoryTC" name="logIn" time="4.798"/>
  <testcase classname="projectTestCases.CategoryTC" name="add_category" time="9.133"/>
  <testcase classname="projectTestCases.CategoryTC" name="SearchCategory" time="4.616"/>
  <testcase classname="projectTestCases.CategoryTC" name="deleteCategory" time="6.775"/>
</testsuite> <!-- projectTestCases.CategoryTC -->
